# JRE version: Java(TM) SE Runtime Environment (17.0.4+11) (build 17.0.4+11-LTS-179)
# Java VM: Java HotSpot(TM) 64-Bit Server VM (17.0.4+11-LTS-179, mixed mode, sharing, tiered, compressed oops, compressed class ptrs, g1 gc, windows-amd64)
GC Precious Log:
 CPUs: 4 total, 4 available
 Memory: 8089M
 Large Page Support: Disabled
 NUMA Support: Disabled
 Compressed Oops: Enabled (Zero based)
 Heap Region Size: 2M
 Heap Min Capacity: 8M
 Heap Initial Capacity: 128M
 Heap Max Capacity: 4G
 Pre-touch: Disabled
 Parallel Workers: 4
 Concurrent Workers: 1
 Concurrent Refinement Workers: 4
 Periodic GC: Disabled
Heap:
 garbage-first heap   total 233472K, used 105026K [0x0000000700000000, 0x0000000800000000)
  region size 2048K, 6 young (12288K), 2 survivors (4096K)
 Metaspace       used 56373K, committed 56896K, reserved 1105920K
  class space    used 7626K, committed 7872K, reserved 1048576K
GC Heap History (20 events):
Event: 20.582 GC heap before
{Heap before GC invocations=14 (full 0):
 garbage-first heap   total 90112K, used 70216K [0x0000000700000000, 0x0000000800000000)
  region size 2048K, 17 young (34816K), 3 survivors (6144K)
 Metaspace       used 51660K, committed 52160K, reserved 1097728K
  class space    used 7026K, committed 7232K, reserved 1048576K
}
Event: 20.600 GC heap after
{Heap after GC invocations=15 (full 0):
 garbage-first heap   total 90112K, used 44741K [0x0000000700000000, 0x0000000800000000)
  region size 2048K, 2 young (4096K), 2 survivors (4096K)
 Metaspace       used 51660K, committed 52160K, reserved 1097728K
  class space    used 7026K, committed 7232K, reserved 1048576K
}
Event: 20.920 GC heap before
{Heap before GC invocations=15 (full 0):
 garbage-first heap   total 90112K, used 50885K [0x0000000700000000, 0x0000000800000000)
  region size 2048K, 6 young (12288K), 2 survivors (4096K)
 Metaspace       used 52591K, committed 53120K, reserved 1097728K
  class space    used 7156K, committed 7360K, reserved 1048576K
}
Event: 20.930 GC heap after
{Heap after GC invocations=16 (full 0):
 garbage-first heap   total 90112K, used 45034K [0x0000000700000000, 0x0000000800000000)
  region size 2048K, 1 young (2048K), 1 survivors (2048K)
 Metaspace       used 52591K, committed 53120K, reserved 1097728K
  class space    used 7156K, committed 7360K, reserved 1048576K
}
Event: 21.608 GC heap before
{Heap before GC invocations=17 (full 0):
 garbage-first heap   total 96256K, used 65514K [0x0000000700000000, 0x0000000800000000)
  region size 2048K, 8 young (16384K), 1 survivors (2048K)
 Metaspace       used 52830K, committed 53376K, reserved 1097728K
  class space    used 7191K, committed 7424K, reserved 1048576K
}
Event: 21.612 GC heap after
{Heap after GC invocations=18 (full 0):
 garbage-first heap   total 96256K, used 44888K [0x0000000700000000, 0x0000000800000000)
  region size 2048K, 1 young (2048K), 1 survivors (2048K)
 Metaspace       used 52830K, committed 53376K, reserved 1097728K
  class space    used 7191K, committed 7424K, reserved 1048576K
}
Event: 21.855 GC heap before
{Heap before GC invocations=19 (full 0):
 garbage-first heap   total 96256K, used 48984K [0x0000000700000000, 0x0000000800000000)
  region size 2048K, 2 young (4096K), 1 survivors (2048K)
 Metaspace       used 52963K, committed 53504K, reserved 1097728K
  class space    used 7205K, committed 7488K, reserved 1048576K
}
Event: 21.858 GC heap after
{Heap after GC invocations=20 (full 0):
 garbage-first heap   total 96256K, used 44926K [0x0000000700000000, 0x0000000800000000)
  region size 2048K, 1 young (2048K), 1 survivors (2048K)
 Metaspace       used 52963K, committed 53504K, reserved 1097728K
  class space    used 7205K, committed 7488K, reserved 1048576K
}
Event: 23.591 GC heap before
{Heap before GC invocations=21 (full 0):
 garbage-first heap   total 100352K, used 77694K [0x0000000700000000, 0x0000000800000000)
  region size 2048K, 13 young (26624K), 1 survivors (2048K)
 Metaspace       used 54669K, committed 55232K, reserved 1097728K
  class space    used 7467K, committed 7744K, reserved 1048576K
}
Event: 23.601 GC heap after
{Heap after GC invocations=22 (full 0):
 garbage-first heap   total 100352K, used 46669K [0x0000000700000000, 0x0000000800000000)
  region size 2048K, 2 young (4096K), 2 survivors (4096K)
 Metaspace       used 54669K, committed 55232K, reserved 1097728K
  class space    used 7467K, committed 7744K, reserved 1048576K
}
Event: 23.619 GC heap before
{Heap before GC invocations=22 (full 0):
 garbage-first heap   total 100352K, used 48717K [0x0000000700000000, 0x0000000800000000)
  region size 2048K, 3 young (6144K), 2 survivors (4096K)
 Metaspace       used 54683K, committed 55232K, reserved 1097728K
  class space    used 7467K, committed 7744K, reserved 1048576K
}
Event: 23.625 GC heap after
{Heap after GC invocations=23 (full 0):
 garbage-first heap   total 120832K, used 46793K [0x0000000700000000, 0x0000000800000000)
  region size 2048K, 2 young (4096K), 2 survivors (4096K)
 Metaspace       used 54683K, committed 55232K, reserved 1097728K
  class space    used 7467K, committed 7744K, reserved 1048576K
}
Event: 23.898 GC heap before
{Heap before GC invocations=23 (full 0):
 garbage-first heap   total 120832K, used 52937K [0x0000000700000000, 0x0000000800000000)
  region size 2048K, 5 young (10240K), 2 survivors (4096K)
 Metaspace       used 55599K, committed 56128K, reserved 1097728K
  class space    used 7552K, committed 7808K, reserved 1048576K
}
Event: 23.904 GC heap after
{Heap after GC invocations=24 (full 0):
 garbage-first heap   total 120832K, used 47038K [0x0000000700000000, 0x0000000800000000)
  region size 2048K, 2 young (4096K), 2 survivors (4096K)
 Metaspace       used 55599K, committed 56128K, reserved 1097728K
  class space    used 7552K, committed 7808K, reserved 1048576K
}
Event: 24.478 GC heap before
{Heap before GC invocations=24 (full 0):
 garbage-first heap   total 120832K, used 77758K [0x0000000700000000, 0x0000000800000000)
  region size 2048K, 9 young (18432K), 2 survivors (4096K)
 Metaspace       used 55916K, committed 56512K, reserved 1097728K
  class space    used 7569K, committed 7872K, reserved 1048576K
}
Event: 24.486 GC heap after
{Heap after GC invocations=25 (full 0):
 garbage-first heap   total 120832K, used 47691K [0x0000000700000000, 0x0000000800000000)
  region size 2048K, 2 young (4096K), 2 survivors (4096K)
 Metaspace       used 55916K, committed 56512K, reserved 1097728K
  class space    used 7569K, committed 7872K, reserved 1048576K
}
Event: 24.683 GC heap before
{Heap before GC invocations=25 (full 0):
 garbage-first heap   total 120832K, used 72267K [0x0000000700000000, 0x0000000800000000)
  region size 2048K, 5 young (10240K), 2 survivors (4096K)
 Metaspace       used 55937K, committed 56512K, reserved 1097728K
  class space    used 7569K, committed 7872K, reserved 1048576K
}
Event: 24.689 GC heap after
{Heap after GC invocations=26 (full 0):
 garbage-first heap   total 120832K, used 47642K [0x0000000700000000, 0x0000000800000000)
  region size 2048K, 2 young (4096K), 2 survivors (4096K)
 Metaspace       used 55937K, committed 56512K, reserved 1097728K
  class space    used 7569K, committed 7872K, reserved 1048576K
}
Event: 24.702 GC heap before
{Heap before GC invocations=26 (full 0):
 garbage-first heap   total 120832K, used 49690K [0x0000000700000000, 0x0000000800000000)
  region size 2048K, 3 young (6144K), 2 survivors (4096K)
 Metaspace       used 55937K, committed 56512K, reserved 1097728K
  class space    used 7569K, committed 7872K, reserved 1048576K
}
Event: 24.710 GC heap after
{Heap after GC invocations=27 (full 0):
 garbage-first heap   total 233472K, used 47682K [0x0000000700000000, 0x0000000800000000)
  region size 2048K, 2 young (4096K), 2 survivors (4096K)
 Metaspace       used 55937K, committed 56512K, reserved 1097728K
  class space    used 7569K, committed 7872K, reserved 1048576K
}

